<?xml version="1.0" encoding="UTF-8"?>
<!-- Generated by org.testng.reporters.JUnitReportReporter -->
<testsuite hostname="Naira" failures="0" tests="1" name="com.week3.selenium.Gmail" time="21.893" errors="0" timestamp="2022-10-21T19:55:03 EDT" skipped="0">
  <testcase classname="com.week3.selenium.Gmail" name="createAnEmail" time="21.893"/>
  <system-out/>
</testsuite> <!-- com.week3.selenium.Gmail -->
