<?xml version="1.0" encoding="UTF-8"?>
<!-- Generated by org.testng.reporters.JUnitReportReporter -->
<testsuite hostname="Naira" failures="0" tests="8" name="com.orangeHRM.tests.loginpage" time="4.491" errors="0" timestamp="2022-11-27T22:51:26 EST" skipped="7">
  <testcase classname="com.orangeHRM.tests.loginpage" name="contactinfo" time="4.491"/>
  <system-out/>
  <testcase classname="com.orangeHRM.tests.loginpage" name="wrongusername">
    <skipped/>
  </testcase> <!-- wrongusername -->
  <system-out/>
  <testcase classname="com.orangeHRM.tests.loginpage" name="validloginTest">
    <skipped/>
  </testcase> <!-- validloginTest -->
  <system-out/>
  <testcase classname="com.orangeHRM.tests.loginpage" name="logoutTest">
    <skipped/>
  </testcase> <!-- logoutTest -->
  <system-out/>
  <testcase classname="com.orangeHRM.tests.loginpage" name="countlinks">
    <skipped/>
  </testcase> <!-- countlinks -->
  <system-out/>
  <testcase classname="com.orangeHRM.tests.loginpage" name="titleTest">
    <skipped/>
  </testcase> <!-- titleTest -->
  <system-out/>
  <testcase classname="com.orangeHRM.tests.loginpage" name="getimage">
    <skipped/>
  </testcase> <!-- getimage -->
  <system-out/>
  <testcase classname="com.orangeHRM.tests.loginpage" name="currentURL">
    <skipped/>
  </testcase> <!-- currentURL -->
  <system-out/>
</testsuite> <!-- com.orangeHRM.tests.loginpage -->
