<?xml version="1.0" encoding="UTF-8"?>
<!-- Generated by org.testng.reporters.JUnitReportReporter -->
<testsuite hostname="Naira" failures="0" tests="1" name="com.week3.selenium.StaticDropdown" time="23.543" errors="0" timestamp="2022-10-21T19:04:30 EDT" skipped="0">
  <testcase classname="com.week3.selenium.StaticDropdown" name="buyTickets" time="23.543"/>
  <system-out/>
</testsuite> <!-- com.week3.selenium.StaticDropdown -->
