<?xml version="1.0" encoding="UTF-8"?>
<!-- Generated by org.testng.reporters.JUnitReportReporter -->
<testsuite hostname="Naira" failures="0" tests="1" name="com.week1.selenium.SearchingRose$UntitledTestCase" time="4.667" errors="0" timestamp="2022-09-17T16:47:59 EDT" skipped="0">
  <testcase classname="com.week1.selenium.SearchingRose$UntitledTestCase" name="testUntitledTestCase" time="4.667"/>
  <system-out/>
</testsuite> <!-- com.week1.selenium.SearchingRose$UntitledTestCase -->
