<?xml version="1.0" encoding="UTF-8"?>
<!-- Generated by org.testng.reporters.JUnitReportReporter -->
<testsuite hostname="Naira" failures="0" tests="3" name="com.week3.selenium.SeleniumMethods2" time="31.918" errors="0" timestamp="2022-09-19T16:55:15 EDT" skipped="2">
  <testcase classname="com.week3.selenium.SeleniumMethods2" name="findLinksWithTexts" time="31.918"/>
  <system-out/>
  <testcase classname="com.week3.selenium.SeleniumMethods2" name="findLinks">
    <skipped/>
  </testcase> <!-- findLinks -->
  <system-out/>
  <testcase classname="com.week3.selenium.SeleniumMethods2" name="seleniumTests">
    <skipped/>
  </testcase> <!-- seleniumTests -->
  <system-out/>
</testsuite> <!-- com.week3.selenium.SeleniumMethods2 -->
