<?xml version="1.0" encoding="UTF-8"?>
<!-- Generated by org.testng.reporters.JUnitReportReporter -->
<testsuite hostname="Naira" failures="0" tests="1" name="com.libraries.SampleTestNG" time="0.020" errors="0" timestamp="2022-11-25T20:15:40 EST" skipped="0">
  <testcase classname="com.libraries.SampleTestNG" name="titleTest" time="0.020"/>
  <system-out/>
</testsuite> <!-- com.libraries.SampleTestNG -->
