<?xml version="1.0" encoding="UTF-8"?>
<!-- Generated by org.testng.reporters.JUnitReportReporter -->
<testsuite hostname="Naira" failures="0" tests="1" name="com.week3.selenium.test2" time="13.793" errors="0" timestamp="2022-10-19T23:34:04 EDT" skipped="0">
  <testcase classname="com.week3.selenium.test2" name="testUntitledTestCase" time="13.793"/>
  <system-out/>
</testsuite> <!-- com.week3.selenium.test2 -->
