<?xml version="1.0" encoding="UTF-8"?>
<!-- Generated by org.testng.reporters.JUnitReportReporter -->
<testsuite hostname="Naira" failures="0" tests="1" name="com.orangeHRM.tests.addAdmin" time="10.766" errors="0" timestamp="2022-11-25T21:59:21 EST" skipped="0">
  <testcase classname="com.orangeHRM.tests.addAdmin" name="addAdminTest" time="10.766"/>
  <system-out/>
</testsuite> <!-- com.orangeHRM.tests.addAdmin -->
