<?xml version="1.0" encoding="UTF-8"?>
<!-- Generated by org.testng.reporters.JUnitReportReporter -->
<testsuite hostname="Naira" failures="0" tests="1" name="com.week3.selenium.orangehrm" time="33.479" errors="0" timestamp="2022-11-25T15:29:38 EST" skipped="0">
  <testcase classname="com.week3.selenium.orangehrm" name="loginToApplication" time="33.479"/>
  <system-out/>
</testsuite> <!-- com.week3.selenium.orangehrm -->
