<?xml version="1.0" encoding="UTF-8"?>
<!-- Generated by org.testng.reporters.JUnitReportReporter -->
<testsuite hostname="Naira" failures="0" tests="8" name="com.orangeHRM.tests.OrangeLogin" time="19.586" errors="0" timestamp="2022-12-01T18:40:39 EST" skipped="7">
  <testcase classname="com.orangeHRM.tests.OrangeLogin" name="logoutTest" time="19.586"/>
  <system-out/>
  <testcase classname="com.orangeHRM.tests.OrangeLogin" name="getURL">
    <skipped/>
  </testcase> <!-- getURL -->
  <system-out/>
  <testcase classname="com.orangeHRM.tests.OrangeLogin" name="countlinks">
    <skipped/>
  </testcase> <!-- countlinks -->
  <system-out/>
  <testcase classname="com.orangeHRM.tests.OrangeLogin" name="validloginTest">
    <skipped/>
  </testcase> <!-- validloginTest -->
  <system-out/>
  <testcase classname="com.orangeHRM.tests.OrangeLogin" name="contactinfo">
    <skipped/>
  </testcase> <!-- contactinfo -->
  <system-out/>
  <testcase classname="com.orangeHRM.tests.OrangeLogin" name="titleTest">
    <skipped/>
  </testcase> <!-- titleTest -->
  <system-out/>
  <testcase classname="com.orangeHRM.tests.OrangeLogin" name="getimage">
    <skipped/>
  </testcase> <!-- getimage -->
  <system-out/>
  <testcase classname="com.orangeHRM.tests.OrangeLogin" name="wrongusername">
    <skipped/>
  </testcase> <!-- wrongusername -->
  <system-out/>
</testsuite> <!-- com.orangeHRM.tests.OrangeLogin -->
