<?xml version="1.0" encoding="UTF-8"?>
<!-- Generated by org.testng.reporters.JUnitReportReporter -->
<testsuite hostname="Naira" failures="0" tests="1" name="com.orangeHRM.tests.logoutpage" time="7.630" errors="0" timestamp="2022-11-25T21:37:12 EST" skipped="0">
  <testcase classname="com.orangeHRM.tests.logoutpage" name="logoutTest" time="7.630"/>
  <system-out/>
</testsuite> <!-- com.orangeHRM.tests.logoutpage -->
