<?xml version="1.0" encoding="UTF-8"?>
<!-- Generated by org.testng.reporters.JUnitReportReporter -->
<testsuite hostname="Naira" failures="0" tests="2" name="com.week3.selenium.LearningSeleniumMethods" time="0.011" errors="0" timestamp="2022-09-17T17:42:02 EDT" skipped="0">
  <testcase classname="com.week3.selenium.LearningSeleniumMethods" name="myTest1" time="0.010"/>
  <system-out/>
  <testcase classname="com.week3.selenium.LearningSeleniumMethods" name="myTest2" time="0.001"/>
  <system-out/>
</testsuite> <!-- com.week3.selenium.LearningSeleniumMethods -->
