<?xml version="1.0" encoding="UTF-8"?>
<!-- Generated by org.testng.reporters.JUnitReportReporter -->
<testsuite hostname="Naira" failures="0" tests="1" name="com.week3.selenium.NewTest" time="0.014" errors="0" timestamp="2022-12-01T12:43:45 EST" skipped="0">
  <testcase classname="com.week3.selenium.NewTest" name="f" time="0.014"/>
  <system-out/>
</testsuite> <!-- com.week3.selenium.NewTest -->
