<?xml version="1.0" encoding="UTF-8"?>
<!-- Generated by org.testng.reporters.JUnitReportReporter -->
<testsuite hostname="Naira" failures="0" tests="2" name="com.week3.selenium.CheckBoxRadioButtonTest" time="28.310" errors="0" timestamp="2022-10-30T19:27:43 EDT" skipped="1">
  <testcase classname="com.week3.selenium.CheckBoxRadioButtonTest" name="learnHoverOver" time="28.310"/>
  <system-out/>
  <testcase classname="com.week3.selenium.CheckBoxRadioButtonTest" name="checkBox">
    <skipped/>
  </testcase> <!-- checkBox -->
  <system-out/>
</testsuite> <!-- com.week3.selenium.CheckBoxRadioButtonTest -->
