<?xml version="1.0" encoding="UTF-8"?>
<!-- Generated by org.testng.reporters.JUnitReportReporter -->
<testsuite hostname="Naira" failures="0" tests="1" name="javaPresentation.java" time="4.067" errors="0" timestamp="2022-11-29T13:41:35 EST" skipped="0">
  <testcase classname="javaPresentation.java" name="date" time="4.067"/>
  <system-out/>
</testsuite> <!-- javaPresentation.java -->
